ZOOM 2018-08-30 13:57:52: generating plots for zoom level : 2.
AXIS BOUNDS: x[693630,2880965882] y[-10.0,680.1746941369828]
GEN 2018-08-30 14:00:55: generated plot </Users/maccum/manhattan_data/plots/standing_height_plots/standing_height/2/0.png>.
GEN 2018-08-30 14:05:28: generated plot </Users/maccum/manhattan_data/plots/standing_height_plots/standing_height/2/1.png>.
GEN 2018-08-30 14:10:04: generated plot </Users/maccum/manhattan_data/plots/standing_height_plots/standing_height/2/2.png>.
GEN 2018-08-30 14:14:28: generated plot </Users/maccum/manhattan_data/plots/standing_height_plots/standing_height/2/3.png>.
ZOOM 2018-08-30 14:17:53: generating plots for zoom level : 3.
AXIS BOUNDS: x[693630,2880965882] y[-10.0,680.1746941369828]
GEN 2018-08-30 14:19:59: generated plot </Users/maccum/manhattan_data/plots/standing_height_plots/standing_height/3/0.png>.
GEN 2018-08-30 14:22:52: generated plot </Users/maccum/manhattan_data/plots/standing_height_plots/standing_height/3/1.png>.
GEN 2018-08-30 14:25:51: generated plot </Users/maccum/manhattan_data/plots/standing_height_plots/standing_height/3/2.png>.
GEN 2018-08-30 14:28:51: generated plot </Users/maccum/manhattan_data/plots/standing_height_plots/standing_height/3/3.png>.
GEN 2018-08-30 14:31:26: generated plot </Users/maccum/manhattan_data/plots/standing_height_plots/standing_height/3/4.png>.
GEN 2018-08-30 14:34:23: generated plot </Users/maccum/manhattan_data/plots/standing_height_plots/standing_height/3/5.png>.
GEN 2018-08-30 14:37:12: generated plot </Users/maccum/manhattan_data/plots/standing_height_plots/standing_height/3/6.png>.
GEN 2018-08-30 14:39:35: generated plot </Users/maccum/manhattan_data/plots/standing_height_plots/standing_height/3/7.png>.
ZOOM 2018-08-30 14:41:30: generating plots for zoom level : 4.
AXIS BOUNDS: x[693630,2880965882] y[-10.0,680.1746941369828]
GEN 2018-08-30 14:42:48: generated plot </Users/maccum/manhattan_data/plots/standing_height_plots/standing_height/4/0.png>.
GEN 2018-08-30 14:44:21: generated plot </Users/maccum/manhattan_data/plots/standing_height_plots/standing_height/4/1.png>.
GEN 2018-08-30 14:46:15: generated plot </Users/maccum/manhattan_data/plots/standing_height_plots/standing_height/4/2.png>.
GEN 2018-08-30 14:48:07: generated plot </Users/maccum/manhattan_data/plots/standing_height_plots/standing_height/4/3.png>.
GEN 2018-08-30 14:49:48: generated plot </Users/maccum/manhattan_data/plots/standing_height_plots/standing_height/4/4.png>.
GEN 2018-08-30 14:51:35: generated plot </Users/maccum/manhattan_data/plots/standing_height_plots/standing_height/4/5.png>.
GEN 2018-08-30 14:53:23: generated plot </Users/maccum/manhattan_data/plots/standing_height_plots/standing_height/4/6.png>.
GEN 2018-08-30 14:54:51: generated plot </Users/maccum/manhattan_data/plots/standing_height_plots/standing_height/4/7.png>.
GEN 2018-08-30 14:56:25: generated plot </Users/maccum/manhattan_data/plots/standing_height_plots/standing_height/4/8.png>.
GEN 2018-08-30 14:59:54: generated plot </Users/maccum/manhattan_data/plots/standing_height_plots/standing_height/4/9.png>.
GEN 2018-08-30 15:01:37: generated plot </Users/maccum/manhattan_data/plots/standing_height_plots/standing_height/4/10.png>.
GEN 2018-08-30 15:03:02: generated plot </Users/maccum/manhattan_data/plots/standing_height_plots/standing_height/4/11.png>.
GEN 2018-08-30 15:04:19: generated plot </Users/maccum/manhattan_data/plots/standing_height_plots/standing_height/4/12.png>.
GEN 2018-08-30 15:05:35: generated plot </Users/maccum/manhattan_data/plots/standing_height_plots/standing_height/4/13.png>.
GEN 2018-08-30 15:07:06: generated plot </Users/maccum/manhattan_data/plots/standing_height_plots/standing_height/4/14.png>.
GEN 2018-08-30 15:08:25: generated plot </Users/maccum/manhattan_data/plots/standing_height_plots/standing_height/4/15.png>.
ZOOM 2018-08-30 15:08:44: generating plots for zoom level : 5.
AXIS BOUNDS: x[693630,2880965882] y[-10.0,680.1746941369828]
GEN 2018-08-30 15:09:52: generated plot </Users/maccum/manhattan_data/plots/standing_height_plots/standing_height/5/0.png>.
GEN 2018-08-30 15:10:53: generated plot </Users/maccum/manhattan_data/plots/standing_height_plots/standing_height/5/1.png>.
GEN 2018-08-30 15:11:56: generated plot </Users/maccum/manhattan_data/plots/standing_height_plots/standing_height/5/2.png>.
GEN 2018-08-30 15:12:55: generated plot </Users/maccum/manhattan_data/plots/standing_height_plots/standing_height/5/3.png>.
GEN 2018-08-30 15:13:54: generated plot </Users/maccum/manhattan_data/plots/standing_height_plots/standing_height/5/4.png>.
GEN 2018-08-30 15:14:56: generated plot </Users/maccum/manhattan_data/plots/standing_height_plots/standing_height/5/5.png>.
GEN 2018-08-30 15:15:53: generated plot </Users/maccum/manhattan_data/plots/standing_height_plots/standing_height/5/6.png>.
GEN 2018-08-30 15:16:51: generated plot </Users/maccum/manhattan_data/plots/standing_height_plots/standing_height/5/7.png>.
GEN 2018-08-30 15:17:51: generated plot </Users/maccum/manhattan_data/plots/standing_height_plots/standing_height/5/8.png>.
GEN 2018-08-30 15:18:51: generated plot </Users/maccum/manhattan_data/plots/standing_height_plots/standing_height/5/9.png>.
GEN 2018-08-30 15:19:50: generated plot </Users/maccum/manhattan_data/plots/standing_height_plots/standing_height/5/10.png>.
GEN 2018-08-30 15:20:54: generated plot </Users/maccum/manhattan_data/plots/standing_height_plots/standing_height/5/11.png>.
GEN 2018-08-30 15:21:54: generated plot </Users/maccum/manhattan_data/plots/standing_height_plots/standing_height/5/12.png>.
GEN 2018-08-30 15:22:53: generated plot </Users/maccum/manhattan_data/plots/standing_height_plots/standing_height/5/13.png>.
GEN 2018-08-30 15:23:52: generated plot </Users/maccum/manhattan_data/plots/standing_height_plots/standing_height/5/14.png>.
GEN 2018-08-30 15:24:51: generated plot </Users/maccum/manhattan_data/plots/standing_height_plots/standing_height/5/15.png>.
GEN 2018-08-30 15:25:48: generated plot </Users/maccum/manhattan_data/plots/standing_height_plots/standing_height/5/16.png>.
GEN 2018-08-30 15:26:43: generated plot </Users/maccum/manhattan_data/plots/standing_height_plots/standing_height/5/17.png>.
GEN 2018-08-30 15:27:38: generated plot </Users/maccum/manhattan_data/plots/standing_height_plots/standing_height/5/18.png>.
GEN 2018-08-30 15:28:36: generated plot </Users/maccum/manhattan_data/plots/standing_height_plots/standing_height/5/19.png>.
GEN 2018-08-30 15:29:33: generated plot </Users/maccum/manhattan_data/plots/standing_height_plots/standing_height/5/20.png>.
GEN 2018-08-30 15:30:41: generated plot </Users/maccum/manhattan_data/plots/standing_height_plots/standing_height/5/21.png>.
GEN 2018-08-30 15:34:37: generated plot </Users/maccum/manhattan_data/plots/standing_height_plots/standing_height/5/22.png>.
GEN 2018-08-30 15:35:45: generated plot </Users/maccum/manhattan_data/plots/standing_height_plots/standing_height/5/23.png>.
GEN 2018-08-30 15:36:48: generated plot </Users/maccum/manhattan_data/plots/standing_height_plots/standing_height/5/24.png>.
GEN 2018-08-30 15:37:44: generated plot </Users/maccum/manhattan_data/plots/standing_height_plots/standing_height/5/25.png>.
GEN 2018-08-30 15:38:42: generated plot </Users/maccum/manhattan_data/plots/standing_height_plots/standing_height/5/26.png>.
GEN 2018-08-30 15:39:40: generated plot </Users/maccum/manhattan_data/plots/standing_height_plots/standing_height/5/27.png>.
GEN 2018-08-30 15:40:38: generated plot </Users/maccum/manhattan_data/plots/standing_height_plots/standing_height/5/28.png>.
GEN 2018-08-30 15:41:37: generated plot </Users/maccum/manhattan_data/plots/standing_height_plots/standing_height/5/29.png>.
GEN 2018-08-30 15:42:52: generated plot </Users/maccum/manhattan_data/plots/standing_height_plots/standing_height/5/30.png>.
GEN 2018-08-30 15:43:50: generated plot </Users/maccum/manhattan_data/plots/standing_height_plots/standing_height/5/31.png>.
ZOOM 2018-08-30 15:44:01: generating plots for zoom level : 6.
AXIS BOUNDS: x[693630,2880965882] y[-10.0,680.1746941369828]
GEN 2018-08-30 15:44:49: generated plot </Users/maccum/manhattan_data/plots/standing_height_plots/standing_height/6/0.png>.
GEN 2018-08-30 15:45:47: generated plot </Users/maccum/manhattan_data/plots/standing_height_plots/standing_height/6/1.png>.
GEN 2018-08-30 15:46:35: generated plot </Users/maccum/manhattan_data/plots/standing_height_plots/standing_height/6/2.png>.
GEN 2018-08-30 15:47:23: generated plot </Users/maccum/manhattan_data/plots/standing_height_plots/standing_height/6/3.png>.
GEN 2018-08-30 15:48:13: generated plot </Users/maccum/manhattan_data/plots/standing_height_plots/standing_height/6/4.png>.
GEN 2018-08-30 15:49:05: generated plot </Users/maccum/manhattan_data/plots/standing_height_plots/standing_height/6/5.png>.
GEN 2018-08-30 15:49:59: generated plot </Users/maccum/manhattan_data/plots/standing_height_plots/standing_height/6/6.png>.
GEN 2018-08-30 15:50:54: generated plot </Users/maccum/manhattan_data/plots/standing_height_plots/standing_height/6/7.png>.
GEN 2018-08-30 15:51:45: generated plot </Users/maccum/manhattan_data/plots/standing_height_plots/standing_height/6/8.png>.
GEN 2018-08-30 15:52:41: generated plot </Users/maccum/manhattan_data/plots/standing_height_plots/standing_height/6/9.png>.
GEN 2018-08-30 15:53:36: generated plot </Users/maccum/manhattan_data/plots/standing_height_plots/standing_height/6/10.png>.
GEN 2018-08-30 15:54:27: generated plot </Users/maccum/manhattan_data/plots/standing_height_plots/standing_height/6/11.png>.
GEN 2018-08-30 15:55:23: generated plot </Users/maccum/manhattan_data/plots/standing_height_plots/standing_height/6/12.png>.
GEN 2018-08-30 15:56:14: generated plot </Users/maccum/manhattan_data/plots/standing_height_plots/standing_height/6/13.png>.
GEN 2018-08-30 15:57:00: generated plot </Users/maccum/manhattan_data/plots/standing_height_plots/standing_height/6/14.png>.
GEN 2018-08-30 15:57:48: generated plot </Users/maccum/manhattan_data/plots/standing_height_plots/standing_height/6/15.png>.
GEN 2018-08-30 15:58:35: generated plot </Users/maccum/manhattan_data/plots/standing_height_plots/standing_height/6/16.png>.
GEN 2018-08-30 15:59:22: generated plot </Users/maccum/manhattan_data/plots/standing_height_plots/standing_height/6/17.png>.
GEN 2018-08-30 16:00:10: generated plot </Users/maccum/manhattan_data/plots/standing_height_plots/standing_height/6/18.png>.
GEN 2018-08-30 16:00:58: generated plot </Users/maccum/manhattan_data/plots/standing_height_plots/standing_height/6/19.png>.
GEN 2018-08-30 16:02:04: generated plot </Users/maccum/manhattan_data/plots/standing_height_plots/standing_height/6/20.png>.
GEN 2018-08-30 16:03:09: generated plot </Users/maccum/manhattan_data/plots/standing_height_plots/standing_height/6/21.png>.
GEN 2018-08-30 16:04:02: generated plot </Users/maccum/manhattan_data/plots/standing_height_plots/standing_height/6/22.png>.
GEN 2018-08-30 16:05:03: generated plot </Users/maccum/manhattan_data/plots/standing_height_plots/standing_height/6/23.png>.
GEN 2018-08-30 16:06:00: generated plot </Users/maccum/manhattan_data/plots/standing_height_plots/standing_height/6/24.png>.
GEN 2018-08-30 16:06:54: generated plot </Users/maccum/manhattan_data/plots/standing_height_plots/standing_height/6/25.png>.
GEN 2018-08-30 16:07:48: generated plot </Users/maccum/manhattan_data/plots/standing_height_plots/standing_height/6/26.png>.
GEN 2018-08-30 16:08:43: generated plot </Users/maccum/manhattan_data/plots/standing_height_plots/standing_height/6/27.png>.
GEN 2018-08-30 16:09:43: generated plot </Users/maccum/manhattan_data/plots/standing_height_plots/standing_height/6/28.png>.
GEN 2018-08-30 16:10:45: generated plot </Users/maccum/manhattan_data/plots/standing_height_plots/standing_height/6/29.png>.
GEN 2018-08-30 16:11:56: generated plot </Users/maccum/manhattan_data/plots/standing_height_plots/standing_height/6/30.png>.
GEN 2018-08-30 16:12:59: generated plot </Users/maccum/manhattan_data/plots/standing_height_plots/standing_height/6/31.png>.
GEN 2018-08-30 16:13:58: generated plot </Users/maccum/manhattan_data/plots/standing_height_plots/standing_height/6/32.png>.
GEN 2018-08-30 16:14:49: generated plot </Users/maccum/manhattan_data/plots/standing_height_plots/standing_height/6/33.png>.
GEN 2018-08-30 16:15:41: generated plot </Users/maccum/manhattan_data/plots/standing_height_plots/standing_height/6/34.png>.
GEN 2018-08-30 16:16:34: generated plot </Users/maccum/manhattan_data/plots/standing_height_plots/standing_height/6/35.png>.
GEN 2018-08-30 16:17:21: generated plot </Users/maccum/manhattan_data/plots/standing_height_plots/standing_height/6/36.png>.
GEN 2018-08-30 16:18:10: generated plot </Users/maccum/manhattan_data/plots/standing_height_plots/standing_height/6/37.png>.
GEN 2018-08-30 16:18:58: generated plot </Users/maccum/manhattan_data/plots/standing_height_plots/standing_height/6/38.png>.
GEN 2018-08-30 16:19:46: generated plot </Users/maccum/manhattan_data/plots/standing_height_plots/standing_height/6/39.png>.
GEN 2018-08-30 16:20:45: generated plot </Users/maccum/manhattan_data/plots/standing_height_plots/standing_height/6/40.png>.
GEN 2018-08-30 16:21:35: generated plot </Users/maccum/manhattan_data/plots/standing_height_plots/standing_height/6/41.png>.
GEN 2018-08-30 16:22:26: generated plot </Users/maccum/manhattan_data/plots/standing_height_plots/standing_height/6/42.png>.
GEN 2018-08-30 16:23:17: generated plot </Users/maccum/manhattan_data/plots/standing_height_plots/standing_height/6/43.png>.
GEN 2018-08-30 16:24:09: generated plot </Users/maccum/manhattan_data/plots/standing_height_plots/standing_height/6/44.png>.
GEN 2018-08-30 16:24:59: generated plot </Users/maccum/manhattan_data/plots/standing_height_plots/standing_height/6/45.png>.
GEN 2018-08-30 16:25:49: generated plot </Users/maccum/manhattan_data/plots/standing_height_plots/standing_height/6/46.png>.
GEN 2018-08-30 16:26:42: generated plot </Users/maccum/manhattan_data/plots/standing_height_plots/standing_height/6/47.png>.
GEN 2018-08-30 16:27:32: generated plot </Users/maccum/manhattan_data/plots/standing_height_plots/standing_height/6/48.png>.
GEN 2018-08-30 16:28:19: generated plot </Users/maccum/manhattan_data/plots/standing_height_plots/standing_height/6/49.png>.
GEN 2018-08-30 16:29:09: generated plot </Users/maccum/manhattan_data/plots/standing_height_plots/standing_height/6/50.png>.
GEN 2018-08-30 16:29:59: generated plot </Users/maccum/manhattan_data/plots/standing_height_plots/standing_height/6/51.png>.
GEN 2018-08-30 16:30:45: generated plot </Users/maccum/manhattan_data/plots/standing_height_plots/standing_height/6/52.png>.
GEN 2018-08-30 16:31:35: generated plot </Users/maccum/manhattan_data/plots/standing_height_plots/standing_height/6/53.png>.
GEN 2018-08-30 16:32:25: generated plot </Users/maccum/manhattan_data/plots/standing_height_plots/standing_height/6/54.png>.
GEN 2018-08-30 16:33:15: generated plot </Users/maccum/manhattan_data/plots/standing_height_plots/standing_height/6/55.png>.
GEN 2018-08-30 16:34:08: generated plot </Users/maccum/manhattan_data/plots/standing_height_plots/standing_height/6/56.png>.
GEN 2018-08-30 16:34:59: generated plot </Users/maccum/manhattan_data/plots/standing_height_plots/standing_height/6/57.png>.
GEN 2018-08-30 16:35:50: generated plot </Users/maccum/manhattan_data/plots/standing_height_plots/standing_height/6/58.png>.
GEN 2018-08-30 16:36:38: generated plot </Users/maccum/manhattan_data/plots/standing_height_plots/standing_height/6/59.png>.
GEN 2018-08-30 16:37:25: generated plot </Users/maccum/manhattan_data/plots/standing_height_plots/standing_height/6/60.png>.
GEN 2018-08-30 16:38:16: generated plot </Users/maccum/manhattan_data/plots/standing_height_plots/standing_height/6/61.png>.
GEN 2018-08-30 16:39:02: generated plot </Users/maccum/manhattan_data/plots/standing_height_plots/standing_height/6/62.png>.
GEN 2018-08-30 16:39:49: generated plot </Users/maccum/manhattan_data/plots/standing_height_plots/standing_height/6/63.png>.
ZOOM 2018-08-31 00:09:53: generating plots for zoom level : 7.
AXIS BOUNDS: x[693630,2880965882] y[-10.0,680.1746941369828]
ZOOM 2018-08-31 00:10:24: generating plots for zoom level : 7.
AXIS BOUNDS: x[693630,2880965882] y[-10.0,680.1746941369828]
GEN 2018-08-31 00:11:31: generated plot </Users/maccum/manhattan_data/plots/standing_height_plots/standing_height/7/118.png>.
GEN 2018-08-31 00:12:13: generated plot </Users/maccum/manhattan_data/plots/standing_height_plots/standing_height/7/119.png>.
GEN 2018-08-31 00:12:59: generated plot </Users/maccum/manhattan_data/plots/standing_height_plots/standing_height/7/120.png>.
GEN 2018-08-31 00:13:39: generated plot </Users/maccum/manhattan_data/plots/standing_height_plots/standing_height/7/121.png>.
GEN 2018-08-31 00:14:19: generated plot </Users/maccum/manhattan_data/plots/standing_height_plots/standing_height/7/122.png>.
GEN 2018-08-31 00:14:57: generated plot </Users/maccum/manhattan_data/plots/standing_height_plots/standing_height/7/123.png>.
GEN 2018-08-31 00:15:35: generated plot </Users/maccum/manhattan_data/plots/standing_height_plots/standing_height/7/124.png>.
GEN 2018-08-31 00:16:13: generated plot </Users/maccum/manhattan_data/plots/standing_height_plots/standing_height/7/125.png>.
GEN 2018-08-31 00:16:51: generated plot </Users/maccum/manhattan_data/plots/standing_height_plots/standing_height/7/126.png>.
GEN 2018-08-31 00:17:30: generated plot </Users/maccum/manhattan_data/plots/standing_height_plots/standing_height/7/127.png>.
ZOOM 2018-08-31 00:17:34: generating plots for zoom level : 8.
AXIS BOUNDS: x[693630,2880965882] y[-10.0,680.1746941369828]
GEN 2018-08-31 00:18:09: generated plot </Users/maccum/manhattan_data/plots/standing_height_plots/standing_height/8/0.png>.
GEN 2018-08-31 00:18:47: generated plot </Users/maccum/manhattan_data/plots/standing_height_plots/standing_height/8/1.png>.
GEN 2018-08-31 00:19:23: generated plot </Users/maccum/manhattan_data/plots/standing_height_plots/standing_height/8/2.png>.
GEN 2018-08-31 00:20:00: generated plot </Users/maccum/manhattan_data/plots/standing_height_plots/standing_height/8/3.png>.
GEN 2018-08-31 00:20:36: generated plot </Users/maccum/manhattan_data/plots/standing_height_plots/standing_height/8/4.png>.
GEN 2018-08-31 00:21:12: generated plot </Users/maccum/manhattan_data/plots/standing_height_plots/standing_height/8/5.png>.
GEN 2018-08-31 00:21:49: generated plot </Users/maccum/manhattan_data/plots/standing_height_plots/standing_height/8/6.png>.
GEN 2018-08-31 00:22:25: generated plot </Users/maccum/manhattan_data/plots/standing_height_plots/standing_height/8/7.png>.
GEN 2018-08-31 00:23:01: generated plot </Users/maccum/manhattan_data/plots/standing_height_plots/standing_height/8/8.png>.
GEN 2018-08-31 00:23:39: generated plot </Users/maccum/manhattan_data/plots/standing_height_plots/standing_height/8/9.png>.
GEN 2018-08-31 00:24:18: generated plot </Users/maccum/manhattan_data/plots/standing_height_plots/standing_height/8/10.png>.
EMPTY 2018-08-31 00:24:52: empty plot </Users/maccum/manhattan_data/plots/standing_height_plots/standing_height/8/11.png>.
GEN 2018-08-31 00:25:25: generated plot </Users/maccum/manhattan_data/plots/standing_height_plots/standing_height/8/12.png>.
GEN 2018-08-31 00:26:00: generated plot </Users/maccum/manhattan_data/plots/standing_height_plots/standing_height/8/13.png>.
GEN 2018-08-31 00:26:35: generated plot </Users/maccum/manhattan_data/plots/standing_height_plots/standing_height/8/14.png>.
GEN 2018-08-31 00:27:12: generated plot </Users/maccum/manhattan_data/plots/standing_height_plots/standing_height/8/15.png>.
GEN 2018-08-31 00:27:50: generated plot </Users/maccum/manhattan_data/plots/standing_height_plots/standing_height/8/16.png>.
GEN 2018-08-31 00:28:27: generated plot </Users/maccum/manhattan_data/plots/standing_height_plots/standing_height/8/17.png>.
GEN 2018-08-31 00:29:04: generated plot </Users/maccum/manhattan_data/plots/standing_height_plots/standing_height/8/18.png>.
GEN 2018-08-31 00:29:40: generated plot </Users/maccum/manhattan_data/plots/standing_height_plots/standing_height/8/19.png>.
GEN 2018-08-31 00:30:17: generated plot </Users/maccum/manhattan_data/plots/standing_height_plots/standing_height/8/20.png>.
GEN 2018-08-31 00:30:53: generated plot </Users/maccum/manhattan_data/plots/standing_height_plots/standing_height/8/21.png>.
GEN 2018-08-31 00:31:30: generated plot </Users/maccum/manhattan_data/plots/standing_height_plots/standing_height/8/22.png>.
GEN 2018-08-31 00:32:06: generated plot </Users/maccum/manhattan_data/plots/standing_height_plots/standing_height/8/23.png>.
GEN 2018-08-31 00:32:43: generated plot </Users/maccum/manhattan_data/plots/standing_height_plots/standing_height/8/24.png>.
GEN 2018-08-31 00:33:19: generated plot </Users/maccum/manhattan_data/plots/standing_height_plots/standing_height/8/25.png>.
GEN 2018-08-31 00:33:57: generated plot </Users/maccum/manhattan_data/plots/standing_height_plots/standing_height/8/26.png>.
GEN 2018-08-31 00:34:36: generated plot </Users/maccum/manhattan_data/plots/standing_height_plots/standing_height/8/27.png>.
GEN 2018-08-31 00:35:15: generated plot </Users/maccum/manhattan_data/plots/standing_height_plots/standing_height/8/28.png>.
GEN 2018-08-31 00:35:51: generated plot </Users/maccum/manhattan_data/plots/standing_height_plots/standing_height/8/29.png>.
GEN 2018-08-31 00:36:26: generated plot </Users/maccum/manhattan_data/plots/standing_height_plots/standing_height/8/30.png>.
GEN 2018-08-31 00:37:02: generated plot </Users/maccum/manhattan_data/plots/standing_height_plots/standing_height/8/31.png>.
GEN 2018-08-31 00:37:38: generated plot </Users/maccum/manhattan_data/plots/standing_height_plots/standing_height/8/32.png>.
GEN 2018-08-31 00:38:15: generated plot </Users/maccum/manhattan_data/plots/standing_height_plots/standing_height/8/33.png>.
GEN 2018-08-31 00:38:52: generated plot </Users/maccum/manhattan_data/plots/standing_height_plots/standing_height/8/34.png>.
GEN 2018-08-31 00:39:29: generated plot </Users/maccum/manhattan_data/plots/standing_height_plots/standing_height/8/35.png>.
GEN 2018-08-31 00:40:06: generated plot </Users/maccum/manhattan_data/plots/standing_height_plots/standing_height/8/36.png>.
GEN 2018-08-31 00:40:42: generated plot </Users/maccum/manhattan_data/plots/standing_height_plots/standing_height/8/37.png>.
GEN 2018-08-31 00:41:20: generated plot </Users/maccum/manhattan_data/plots/standing_height_plots/standing_height/8/38.png>.
GEN 2018-08-31 00:42:00: generated plot </Users/maccum/manhattan_data/plots/standing_height_plots/standing_height/8/39.png>.
GEN 2018-08-31 00:42:41: generated plot </Users/maccum/manhattan_data/plots/standing_height_plots/standing_height/8/40.png>.
GEN 2018-08-31 00:43:22: generated plot </Users/maccum/manhattan_data/plots/standing_height_plots/standing_height/8/41.png>.
GEN 2018-08-31 00:43:59: generated plot </Users/maccum/manhattan_data/plots/standing_height_plots/standing_height/8/42.png>.
GEN 2018-08-31 00:44:40: generated plot </Users/maccum/manhattan_data/plots/standing_height_plots/standing_height/8/43.png>.
GEN 2018-08-31 00:45:20: generated plot </Users/maccum/manhattan_data/plots/standing_height_plots/standing_height/8/44.png>.
GEN 2018-08-31 00:45:58: generated plot </Users/maccum/manhattan_data/plots/standing_height_plots/standing_height/8/45.png>.
GEN 2018-08-31 00:46:39: generated plot </Users/maccum/manhattan_data/plots/standing_height_plots/standing_height/8/46.png>.
GEN 2018-08-31 00:47:18: generated plot </Users/maccum/manhattan_data/plots/standing_height_plots/standing_height/8/47.png>.
GEN 2018-08-31 00:47:59: generated plot </Users/maccum/manhattan_data/plots/standing_height_plots/standing_height/8/48.png>.
GEN 2018-08-31 00:48:42: generated plot </Users/maccum/manhattan_data/plots/standing_height_plots/standing_height/8/49.png>.
GEN 2018-08-31 00:49:24: generated plot </Users/maccum/manhattan_data/plots/standing_height_plots/standing_height/8/50.png>.
GEN 2018-08-31 00:50:06: generated plot </Users/maccum/manhattan_data/plots/standing_height_plots/standing_height/8/51.png>.
GEN 2018-08-31 00:50:44: generated plot </Users/maccum/manhattan_data/plots/standing_height_plots/standing_height/8/52.png>.
GEN 2018-08-31 00:51:26: generated plot </Users/maccum/manhattan_data/plots/standing_height_plots/standing_height/8/53.png>.
GEN 2018-08-31 00:52:07: generated plot </Users/maccum/manhattan_data/plots/standing_height_plots/standing_height/8/54.png>.
GEN 2018-08-31 00:52:47: generated plot </Users/maccum/manhattan_data/plots/standing_height_plots/standing_height/8/55.png>.
GEN 2018-08-31 00:53:27: generated plot </Users/maccum/manhattan_data/plots/standing_height_plots/standing_height/8/56.png>.
GEN 2018-08-31 00:54:07: generated plot </Users/maccum/manhattan_data/plots/standing_height_plots/standing_height/8/57.png>.
GEN 2018-08-31 00:54:47: generated plot </Users/maccum/manhattan_data/plots/standing_height_plots/standing_height/8/58.png>.
GEN 2018-08-31 00:55:26: generated plot </Users/maccum/manhattan_data/plots/standing_height_plots/standing_height/8/59.png>.
GEN 2018-08-31 00:56:05: generated plot </Users/maccum/manhattan_data/plots/standing_height_plots/standing_height/8/60.png>.
GEN 2018-08-31 00:56:43: generated plot </Users/maccum/manhattan_data/plots/standing_height_plots/standing_height/8/61.png>.
GEN 2018-08-31 00:57:24: generated plot </Users/maccum/manhattan_data/plots/standing_height_plots/standing_height/8/62.png>.
GEN 2018-08-31 00:58:05: generated plot </Users/maccum/manhattan_data/plots/standing_height_plots/standing_height/8/63.png>.
GEN 2018-08-31 00:58:45: generated plot </Users/maccum/manhattan_data/plots/standing_height_plots/standing_height/8/64.png>.
GEN 2018-08-31 00:59:22: generated plot </Users/maccum/manhattan_data/plots/standing_height_plots/standing_height/8/65.png>.
GEN 2018-08-31 01:00:01: generated plot </Users/maccum/manhattan_data/plots/standing_height_plots/standing_height/8/66.png>.
GEN 2018-08-31 01:00:37: generated plot </Users/maccum/manhattan_data/plots/standing_height_plots/standing_height/8/67.png>.
GEN 2018-08-31 01:01:14: generated plot </Users/maccum/manhattan_data/plots/standing_height_plots/standing_height/8/68.png>.
GEN 2018-08-31 01:01:50: generated plot </Users/maccum/manhattan_data/plots/standing_height_plots/standing_height/8/69.png>.
GEN 2018-08-31 01:02:27: generated plot </Users/maccum/manhattan_data/plots/standing_height_plots/standing_height/8/70.png>.
GEN 2018-08-31 01:03:03: generated plot </Users/maccum/manhattan_data/plots/standing_height_plots/standing_height/8/71.png>.
GEN 2018-08-31 01:03:40: generated plot </Users/maccum/manhattan_data/plots/standing_height_plots/standing_height/8/72.png>.
GEN 2018-08-31 01:04:17: generated plot </Users/maccum/manhattan_data/plots/standing_height_plots/standing_height/8/73.png>.
GEN 2018-08-31 01:04:53: generated plot </Users/maccum/manhattan_data/plots/standing_height_plots/standing_height/8/74.png>.
GEN 2018-08-31 01:05:30: generated plot </Users/maccum/manhattan_data/plots/standing_height_plots/standing_height/8/75.png>.
GEN 2018-08-31 01:06:06: generated plot </Users/maccum/manhattan_data/plots/standing_height_plots/standing_height/8/76.png>.
GEN 2018-08-31 01:06:43: generated plot </Users/maccum/manhattan_data/plots/standing_height_plots/standing_height/8/77.png>.
GEN 2018-08-31 01:07:20: generated plot </Users/maccum/manhattan_data/plots/standing_height_plots/standing_height/8/78.png>.
GEN 2018-08-31 01:07:57: generated plot </Users/maccum/manhattan_data/plots/standing_height_plots/standing_height/8/79.png>.
GEN 2018-08-31 01:08:34: generated plot </Users/maccum/manhattan_data/plots/standing_height_plots/standing_height/8/80.png>.
GEN 2018-08-31 01:09:11: generated plot </Users/maccum/manhattan_data/plots/standing_height_plots/standing_height/8/81.png>.
GEN 2018-08-31 01:09:48: generated plot </Users/maccum/manhattan_data/plots/standing_height_plots/standing_height/8/82.png>.
GEN 2018-08-31 01:10:24: generated plot </Users/maccum/manhattan_data/plots/standing_height_plots/standing_height/8/83.png>.
GEN 2018-08-31 01:11:00: generated plot </Users/maccum/manhattan_data/plots/standing_height_plots/standing_height/8/84.png>.
GEN 2018-08-31 01:11:36: generated plot </Users/maccum/manhattan_data/plots/standing_height_plots/standing_height/8/85.png>.
GEN 2018-08-31 01:12:12: generated plot </Users/maccum/manhattan_data/plots/standing_height_plots/standing_height/8/86.png>.
GEN 2018-08-31 01:12:49: generated plot </Users/maccum/manhattan_data/plots/standing_height_plots/standing_height/8/87.png>.
GEN 2018-08-31 01:13:25: generated plot </Users/maccum/manhattan_data/plots/standing_height_plots/standing_height/8/88.png>.
GEN 2018-08-31 01:14:03: generated plot </Users/maccum/manhattan_data/plots/standing_height_plots/standing_height/8/89.png>.
GEN 2018-08-31 01:14:40: generated plot </Users/maccum/manhattan_data/plots/standing_height_plots/standing_height/8/90.png>.
GEN 2018-08-31 01:15:17: generated plot </Users/maccum/manhattan_data/plots/standing_height_plots/standing_height/8/91.png>.
GEN 2018-08-31 01:15:53: generated plot </Users/maccum/manhattan_data/plots/standing_height_plots/standing_height/8/92.png>.
GEN 2018-08-31 01:16:30: generated plot </Users/maccum/manhattan_data/plots/standing_height_plots/standing_height/8/93.png>.
GEN 2018-08-31 01:17:06: generated plot </Users/maccum/manhattan_data/plots/standing_height_plots/standing_height/8/94.png>.
GEN 2018-08-31 01:17:43: generated plot </Users/maccum/manhattan_data/plots/standing_height_plots/standing_height/8/95.png>.
GEN 2018-08-31 01:18:20: generated plot </Users/maccum/manhattan_data/plots/standing_height_plots/standing_height/8/96.png>.
GEN 2018-08-31 01:18:58: generated plot </Users/maccum/manhattan_data/plots/standing_height_plots/standing_height/8/97.png>.
GEN 2018-08-31 01:19:36: generated plot </Users/maccum/manhattan_data/plots/standing_height_plots/standing_height/8/98.png>.
GEN 2018-08-31 01:20:12: generated plot </Users/maccum/manhattan_data/plots/standing_height_plots/standing_height/8/99.png>.
GEN 2018-08-31 01:20:49: generated plot </Users/maccum/manhattan_data/plots/standing_height_plots/standing_height/8/100.png>.
GEN 2018-08-31 01:21:25: generated plot </Users/maccum/manhattan_data/plots/standing_height_plots/standing_height/8/101.png>.
GEN 2018-08-31 01:22:02: generated plot </Users/maccum/manhattan_data/plots/standing_height_plots/standing_height/8/102.png>.
GEN 2018-08-31 01:22:38: generated plot </Users/maccum/manhattan_data/plots/standing_height_plots/standing_height/8/103.png>.
GEN 2018-08-31 01:23:14: generated plot </Users/maccum/manhattan_data/plots/standing_height_plots/standing_height/8/104.png>.
GEN 2018-08-31 01:23:51: generated plot </Users/maccum/manhattan_data/plots/standing_height_plots/standing_height/8/105.png>.
GEN 2018-08-31 01:24:26: generated plot </Users/maccum/manhattan_data/plots/standing_height_plots/standing_height/8/106.png>.
GEN 2018-08-31 01:25:04: generated plot </Users/maccum/manhattan_data/plots/standing_height_plots/standing_height/8/107.png>.
GEN 2018-08-31 01:25:41: generated plot </Users/maccum/manhattan_data/plots/standing_height_plots/standing_height/8/108.png>.
GEN 2018-08-31 01:26:18: generated plot </Users/maccum/manhattan_data/plots/standing_height_plots/standing_height/8/109.png>.
GEN 2018-08-31 01:26:56: generated plot </Users/maccum/manhattan_data/plots/standing_height_plots/standing_height/8/110.png>.
GEN 2018-08-31 01:27:40: generated plot </Users/maccum/manhattan_data/plots/standing_height_plots/standing_height/8/111.png>.
GEN 2018-08-31 01:28:37: generated plot </Users/maccum/manhattan_data/plots/standing_height_plots/standing_height/8/112.png>.
GEN 2018-08-31 01:29:16: generated plot </Users/maccum/manhattan_data/plots/standing_height_plots/standing_height/8/113.png>.
GEN 2018-08-31 01:29:54: generated plot </Users/maccum/manhattan_data/plots/standing_height_plots/standing_height/8/114.png>.
GEN 2018-08-31 01:30:36: generated plot </Users/maccum/manhattan_data/plots/standing_height_plots/standing_height/8/115.png>.
GEN 2018-08-31 01:31:11: generated plot </Users/maccum/manhattan_data/plots/standing_height_plots/standing_height/8/116.png>.
GEN 2018-08-31 01:31:48: generated plot </Users/maccum/manhattan_data/plots/standing_height_plots/standing_height/8/117.png>.
GEN 2018-08-31 01:32:25: generated plot </Users/maccum/manhattan_data/plots/standing_height_plots/standing_height/8/118.png>.
GEN 2018-08-31 01:33:02: generated plot </Users/maccum/manhattan_data/plots/standing_height_plots/standing_height/8/119.png>.
GEN 2018-08-31 01:33:38: generated plot </Users/maccum/manhattan_data/plots/standing_height_plots/standing_height/8/120.png>.
GEN 2018-08-31 01:34:15: generated plot </Users/maccum/manhattan_data/plots/standing_height_plots/standing_height/8/121.png>.
GEN 2018-08-31 01:34:52: generated plot </Users/maccum/manhattan_data/plots/standing_height_plots/standing_height/8/122.png>.
GEN 2018-08-31 01:35:31: generated plot </Users/maccum/manhattan_data/plots/standing_height_plots/standing_height/8/123.png>.
GEN 2018-08-31 01:36:09: generated plot </Users/maccum/manhattan_data/plots/standing_height_plots/standing_height/8/124.png>.
GEN 2018-08-31 01:36:48: generated plot </Users/maccum/manhattan_data/plots/standing_height_plots/standing_height/8/125.png>.
GEN 2018-08-31 01:37:25: generated plot </Users/maccum/manhattan_data/plots/standing_height_plots/standing_height/8/126.png>.
GEN 2018-08-31 01:38:01: generated plot </Users/maccum/manhattan_data/plots/standing_height_plots/standing_height/8/127.png>.
GEN 2018-08-31 01:38:37: generated plot </Users/maccum/manhattan_data/plots/standing_height_plots/standing_height/8/128.png>.
GEN 2018-08-31 01:39:14: generated plot </Users/maccum/manhattan_data/plots/standing_height_plots/standing_height/8/129.png>.
GEN 2018-08-31 01:39:51: generated plot </Users/maccum/manhattan_data/plots/standing_height_plots/standing_height/8/130.png>.
GEN 2018-08-31 01:40:28: generated plot </Users/maccum/manhattan_data/plots/standing_height_plots/standing_height/8/131.png>.
GEN 2018-08-31 01:41:06: generated plot </Users/maccum/manhattan_data/plots/standing_height_plots/standing_height/8/132.png>.
GEN 2018-08-31 01:41:42: generated plot </Users/maccum/manhattan_data/plots/standing_height_plots/standing_height/8/133.png>.
GEN 2018-08-31 01:42:18: generated plot </Users/maccum/manhattan_data/plots/standing_height_plots/standing_height/8/134.png>.
GEN 2018-08-31 01:42:55: generated plot </Users/maccum/manhattan_data/plots/standing_height_plots/standing_height/8/135.png>.
GEN 2018-08-31 01:43:32: generated plot </Users/maccum/manhattan_data/plots/standing_height_plots/standing_height/8/136.png>.
GEN 2018-08-31 01:44:09: generated plot </Users/maccum/manhattan_data/plots/standing_height_plots/standing_height/8/137.png>.
GEN 2018-08-31 01:44:47: generated plot </Users/maccum/manhattan_data/plots/standing_height_plots/standing_height/8/138.png>.
GEN 2018-08-31 01:45:24: generated plot </Users/maccum/manhattan_data/plots/standing_height_plots/standing_height/8/139.png>.
GEN 2018-08-31 01:46:01: generated plot </Users/maccum/manhattan_data/plots/standing_height_plots/standing_height/8/140.png>.
EMPTY 2018-08-31 01:46:36: empty plot </Users/maccum/manhattan_data/plots/standing_height_plots/standing_height/8/141.png>.
GEN 2018-08-31 01:47:09: generated plot </Users/maccum/manhattan_data/plots/standing_height_plots/standing_height/8/142.png>.
GEN 2018-08-31 01:47:44: generated plot </Users/maccum/manhattan_data/plots/standing_height_plots/standing_height/8/143.png>.
GEN 2018-08-31 01:48:20: generated plot </Users/maccum/manhattan_data/plots/standing_height_plots/standing_height/8/144.png>.
GEN 2018-08-31 01:48:57: generated plot </Users/maccum/manhattan_data/plots/standing_height_plots/standing_height/8/145.png>.
GEN 2018-08-31 01:49:34: generated plot </Users/maccum/manhattan_data/plots/standing_height_plots/standing_height/8/146.png>.
GEN 2018-08-31 01:50:11: generated plot </Users/maccum/manhattan_data/plots/standing_height_plots/standing_height/8/147.png>.
GEN 2018-08-31 01:50:48: generated plot </Users/maccum/manhattan_data/plots/standing_height_plots/standing_height/8/148.png>.
GEN 2018-08-31 01:51:24: generated plot </Users/maccum/manhattan_data/plots/standing_height_plots/standing_height/8/149.png>.
GEN 2018-08-31 01:52:04: generated plot </Users/maccum/manhattan_data/plots/standing_height_plots/standing_height/8/150.png>.
GEN 2018-08-31 01:52:42: generated plot </Users/maccum/manhattan_data/plots/standing_height_plots/standing_height/8/151.png>.
GEN 2018-08-31 01:53:18: generated plot </Users/maccum/manhattan_data/plots/standing_height_plots/standing_height/8/152.png>.
GEN 2018-08-31 01:53:55: generated plot </Users/maccum/manhattan_data/plots/standing_height_plots/standing_height/8/153.png>.
GEN 2018-08-31 01:54:32: generated plot </Users/maccum/manhattan_data/plots/standing_height_plots/standing_height/8/154.png>.
GEN 2018-08-31 01:55:09: generated plot </Users/maccum/manhattan_data/plots/standing_height_plots/standing_height/8/155.png>.
GEN 2018-08-31 01:55:46: generated plot </Users/maccum/manhattan_data/plots/standing_height_plots/standing_height/8/156.png>.
GEN 2018-08-31 01:56:23: generated plot </Users/maccum/manhattan_data/plots/standing_height_plots/standing_height/8/157.png>.
GEN 2018-08-31 01:57:16: generated plot </Users/maccum/manhattan_data/plots/standing_height_plots/standing_height/8/158.png>.
GEN 2018-08-31 01:58:06: generated plot </Users/maccum/manhattan_data/plots/standing_height_plots/standing_height/8/159.png>.
GEN 2018-08-31 01:58:57: generated plot </Users/maccum/manhattan_data/plots/standing_height_plots/standing_height/8/160.png>.
GEN 2018-08-31 01:59:51: generated plot </Users/maccum/manhattan_data/plots/standing_height_plots/standing_height/8/161.png>.
GEN 2018-08-31 02:00:43: generated plot </Users/maccum/manhattan_data/plots/standing_height_plots/standing_height/8/162.png>.
GEN 2018-08-31 02:01:36: generated plot </Users/maccum/manhattan_data/plots/standing_height_plots/standing_height/8/163.png>.
GEN 2018-08-31 02:02:28: generated plot </Users/maccum/manhattan_data/plots/standing_height_plots/standing_height/8/164.png>.
GEN 2018-08-31 02:03:21: generated plot </Users/maccum/manhattan_data/plots/standing_height_plots/standing_height/8/165.png>.
GEN 2018-08-31 02:04:12: generated plot </Users/maccum/manhattan_data/plots/standing_height_plots/standing_height/8/166.png>.
GEN 2018-08-31 02:05:03: generated plot </Users/maccum/manhattan_data/plots/standing_height_plots/standing_height/8/167.png>.
GEN 2018-08-31 02:05:55: generated plot </Users/maccum/manhattan_data/plots/standing_height_plots/standing_height/8/168.png>.
GEN 2018-08-31 02:06:45: generated plot </Users/maccum/manhattan_data/plots/standing_height_plots/standing_height/8/169.png>.
GEN 2018-08-31 02:07:35: generated plot </Users/maccum/manhattan_data/plots/standing_height_plots/standing_height/8/170.png>.
GEN 2018-08-31 02:08:27: generated plot </Users/maccum/manhattan_data/plots/standing_height_plots/standing_height/8/171.png>.
GEN 2018-08-31 02:09:18: generated plot </Users/maccum/manhattan_data/plots/standing_height_plots/standing_height/8/172.png>.
GEN 2018-08-31 02:10:10: generated plot </Users/maccum/manhattan_data/plots/standing_height_plots/standing_height/8/173.png>.
GEN 2018-08-31 02:11:02: generated plot </Users/maccum/manhattan_data/plots/standing_height_plots/standing_height/8/174.png>.
GEN 2018-08-31 02:11:53: generated plot </Users/maccum/manhattan_data/plots/standing_height_plots/standing_height/8/175.png>.
GEN 2018-08-31 02:12:45: generated plot </Users/maccum/manhattan_data/plots/standing_height_plots/standing_height/8/176.png>.
GEN 2018-08-31 02:13:37: generated plot </Users/maccum/manhattan_data/plots/standing_height_plots/standing_height/8/177.png>.
GEN 2018-08-31 02:14:28: generated plot </Users/maccum/manhattan_data/plots/standing_height_plots/standing_height/8/178.png>.
GEN 2018-08-31 02:15:20: generated plot </Users/maccum/manhattan_data/plots/standing_height_plots/standing_height/8/179.png>.
GEN 2018-08-31 02:16:11: generated plot </Users/maccum/manhattan_data/plots/standing_height_plots/standing_height/8/180.png>.
GEN 2018-08-31 02:17:02: generated plot </Users/maccum/manhattan_data/plots/standing_height_plots/standing_height/8/181.png>.
GEN 2018-08-31 02:17:51: generated plot </Users/maccum/manhattan_data/plots/standing_height_plots/standing_height/8/182.png>.
GEN 2018-08-31 02:18:43: generated plot </Users/maccum/manhattan_data/plots/standing_height_plots/standing_height/8/183.png>.
GEN 2018-08-31 02:19:33: generated plot </Users/maccum/manhattan_data/plots/standing_height_plots/standing_height/8/184.png>.
GEN 2018-08-31 02:20:24: generated plot </Users/maccum/manhattan_data/plots/standing_height_plots/standing_height/8/185.png>.
GEN 2018-08-31 02:21:11: generated plot </Users/maccum/manhattan_data/plots/standing_height_plots/standing_height/8/186.png>.
GEN 2018-08-31 02:21:59: generated plot </Users/maccum/manhattan_data/plots/standing_height_plots/standing_height/8/187.png>.
GEN 2018-08-31 02:22:50: generated plot </Users/maccum/manhattan_data/plots/standing_height_plots/standing_height/8/188.png>.
GEN 2018-08-31 02:23:39: generated plot </Users/maccum/manhattan_data/plots/standing_height_plots/standing_height/8/189.png>.
GEN 2018-08-31 02:24:29: generated plot </Users/maccum/manhattan_data/plots/standing_height_plots/standing_height/8/190.png>.
GEN 2018-08-31 02:25:20: generated plot </Users/maccum/manhattan_data/plots/standing_height_plots/standing_height/8/191.png>.
GEN 2018-08-31 02:26:10: generated plot </Users/maccum/manhattan_data/plots/standing_height_plots/standing_height/8/192.png>.
GEN 2018-08-31 02:27:01: generated plot </Users/maccum/manhattan_data/plots/standing_height_plots/standing_height/8/193.png>.
GEN 2018-08-31 02:27:50: generated plot </Users/maccum/manhattan_data/plots/standing_height_plots/standing_height/8/194.png>.
GEN 2018-08-31 02:28:39: generated plot </Users/maccum/manhattan_data/plots/standing_height_plots/standing_height/8/195.png>.
EMPTY 2018-08-31 02:29:28: empty plot </Users/maccum/manhattan_data/plots/standing_height_plots/standing_height/8/196.png>.
GEN 2018-08-31 02:30:16: generated plot </Users/maccum/manhattan_data/plots/standing_height_plots/standing_height/8/197.png>.
GEN 2018-08-31 02:31:05: generated plot </Users/maccum/manhattan_data/plots/standing_height_plots/standing_height/8/198.png>.
GEN 2018-08-31 02:31:54: generated plot </Users/maccum/manhattan_data/plots/standing_height_plots/standing_height/8/199.png>.
GEN 2018-08-31 02:32:44: generated plot </Users/maccum/manhattan_data/plots/standing_height_plots/standing_height/8/200.png>.
GEN 2018-08-31 02:33:35: generated plot </Users/maccum/manhattan_data/plots/standing_height_plots/standing_height/8/201.png>.
GEN 2018-08-31 02:34:28: generated plot </Users/maccum/manhattan_data/plots/standing_height_plots/standing_height/8/202.png>.
GEN 2018-08-31 02:35:20: generated plot </Users/maccum/manhattan_data/plots/standing_height_plots/standing_height/8/203.png>.
GEN 2018-08-31 02:36:11: generated plot </Users/maccum/manhattan_data/plots/standing_height_plots/standing_height/8/204.png>.
GEN 2018-08-31 02:36:59: generated plot </Users/maccum/manhattan_data/plots/standing_height_plots/standing_height/8/205.png>.
GEN 2018-08-31 02:37:45: generated plot </Users/maccum/manhattan_data/plots/standing_height_plots/standing_height/8/206.png>.
GEN 2018-08-31 02:38:32: generated plot </Users/maccum/manhattan_data/plots/standing_height_plots/standing_height/8/207.png>.
GEN 2018-08-31 02:39:23: generated plot </Users/maccum/manhattan_data/plots/standing_height_plots/standing_height/8/208.png>.
GEN 2018-08-31 02:40:14: generated plot </Users/maccum/manhattan_data/plots/standing_height_plots/standing_height/8/209.png>.
GEN 2018-08-31 02:41:05: generated plot </Users/maccum/manhattan_data/plots/standing_height_plots/standing_height/8/210.png>.
GEN 2018-08-31 02:41:56: generated plot </Users/maccum/manhattan_data/plots/standing_height_plots/standing_height/8/211.png>.
GEN 2018-08-31 02:42:46: generated plot </Users/maccum/manhattan_data/plots/standing_height_plots/standing_height/8/212.png>.
GEN 2018-08-31 02:43:35: generated plot </Users/maccum/manhattan_data/plots/standing_height_plots/standing_height/8/213.png>.
GEN 2018-08-31 02:44:27: generated plot </Users/maccum/manhattan_data/plots/standing_height_plots/standing_height/8/214.png>.
GEN 2018-08-31 02:45:21: generated plot </Users/maccum/manhattan_data/plots/standing_height_plots/standing_height/8/215.png>.
GEN 2018-08-31 02:46:11: generated plot </Users/maccum/manhattan_data/plots/standing_height_plots/standing_height/8/216.png>.
GEN 2018-08-31 02:46:58: generated plot </Users/maccum/manhattan_data/plots/standing_height_plots/standing_height/8/217.png>.
GEN 2018-08-31 02:47:45: generated plot </Users/maccum/manhattan_data/plots/standing_height_plots/standing_height/8/218.png>.
GEN 2018-08-31 02:48:34: generated plot </Users/maccum/manhattan_data/plots/standing_height_plots/standing_height/8/219.png>.
GEN 2018-08-31 02:49:24: generated plot </Users/maccum/manhattan_data/plots/standing_height_plots/standing_height/8/220.png>.
GEN 2018-08-31 02:50:17: generated plot </Users/maccum/manhattan_data/plots/standing_height_plots/standing_height/8/221.png>.
GEN 2018-08-31 02:51:10: generated plot </Users/maccum/manhattan_data/plots/standing_height_plots/standing_height/8/222.png>.
GEN 2018-08-31 02:51:59: generated plot </Users/maccum/manhattan_data/plots/standing_height_plots/standing_height/8/223.png>.
GEN 2018-08-31 02:52:47: generated plot </Users/maccum/manhattan_data/plots/standing_height_plots/standing_height/8/224.png>.
GEN 2018-08-31 02:53:35: generated plot </Users/maccum/manhattan_data/plots/standing_height_plots/standing_height/8/225.png>.
GEN 2018-08-31 02:54:24: generated plot </Users/maccum/manhattan_data/plots/standing_height_plots/standing_height/8/226.png>.
GEN 2018-08-31 02:55:13: generated plot </Users/maccum/manhattan_data/plots/standing_height_plots/standing_height/8/227.png>.
GEN 2018-08-31 02:56:03: generated plot </Users/maccum/manhattan_data/plots/standing_height_plots/standing_height/8/228.png>.
GEN 2018-08-31 02:56:53: generated plot </Users/maccum/manhattan_data/plots/standing_height_plots/standing_height/8/229.png>.
GEN 2018-08-31 02:57:44: generated plot </Users/maccum/manhattan_data/plots/standing_height_plots/standing_height/8/230.png>.
GEN 2018-08-31 02:58:33: generated plot </Users/maccum/manhattan_data/plots/standing_height_plots/standing_height/8/231.png>.
GEN 2018-08-31 02:59:23: generated plot </Users/maccum/manhattan_data/plots/standing_height_plots/standing_height/8/232.png>.
GEN 2018-08-31 03:00:16: generated plot </Users/maccum/manhattan_data/plots/standing_height_plots/standing_height/8/233.png>.
GEN 2018-08-31 03:01:07: generated plot </Users/maccum/manhattan_data/plots/standing_height_plots/standing_height/8/234.png>.
GEN 2018-08-31 03:01:58: generated plot </Users/maccum/manhattan_data/plots/standing_height_plots/standing_height/8/235.png>.
GEN 2018-08-31 03:02:50: generated plot </Users/maccum/manhattan_data/plots/standing_height_plots/standing_height/8/236.png>.
GEN 2018-08-31 03:03:42: generated plot </Users/maccum/manhattan_data/plots/standing_height_plots/standing_height/8/237.png>.
GEN 2018-08-31 03:04:34: generated plot </Users/maccum/manhattan_data/plots/standing_height_plots/standing_height/8/238.png>.
GEN 2018-08-31 03:05:25: generated plot </Users/maccum/manhattan_data/plots/standing_height_plots/standing_height/8/239.png>.
GEN 2018-08-31 03:06:16: generated plot </Users/maccum/manhattan_data/plots/standing_height_plots/standing_height/8/240.png>.
GEN 2018-08-31 03:07:07: generated plot </Users/maccum/manhattan_data/plots/standing_height_plots/standing_height/8/241.png>.
GEN 2018-08-31 03:07:58: generated plot </Users/maccum/manhattan_data/plots/standing_height_plots/standing_height/8/242.png>.
GEN 2018-08-31 03:08:49: generated plot </Users/maccum/manhattan_data/plots/standing_height_plots/standing_height/8/243.png>.
GEN 2018-08-31 03:09:39: generated plot </Users/maccum/manhattan_data/plots/standing_height_plots/standing_height/8/244.png>.
GEN 2018-08-31 03:10:31: generated plot </Users/maccum/manhattan_data/plots/standing_height_plots/standing_height/8/245.png>.
GEN 2018-08-31 03:11:24: generated plot </Users/maccum/manhattan_data/plots/standing_height_plots/standing_height/8/246.png>.
GEN 2018-08-31 03:12:13: generated plot </Users/maccum/manhattan_data/plots/standing_height_plots/standing_height/8/247.png>.
GEN 2018-08-31 03:13:02: generated plot </Users/maccum/manhattan_data/plots/standing_height_plots/standing_height/8/248.png>.
GEN 2018-08-31 03:13:54: generated plot </Users/maccum/manhattan_data/plots/standing_height_plots/standing_height/8/249.png>.
GEN 2018-08-31 03:14:45: generated plot </Users/maccum/manhattan_data/plots/standing_height_plots/standing_height/8/250.png>.
GEN 2018-08-31 03:15:36: generated plot </Users/maccum/manhattan_data/plots/standing_height_plots/standing_height/8/251.png>.
GEN 2018-08-31 03:16:25: generated plot </Users/maccum/manhattan_data/plots/standing_height_plots/standing_height/8/252.png>.
GEN 2018-08-31 03:17:15: generated plot </Users/maccum/manhattan_data/plots/standing_height_plots/standing_height/8/253.png>.
GEN 2018-08-31 03:18:06: generated plot </Users/maccum/manhattan_data/plots/standing_height_plots/standing_height/8/254.png>.
GEN 2018-08-31 03:18:57: generated plot </Users/maccum/manhattan_data/plots/standing_height_plots/standing_height/8/255.png>.
